<?xml version="1.0" encoding="UTF-8"?>
<!-- Generated by org.testng.reporters.JUnitReportReporter -->
<testsuite hostname="DESKTOP-JMGLJT2" name="com.training.sanity.tests.TestRegister005" tests="1" failures="0" timestamp="14 Nov 2019 05:49:45 GMT" time="44.770" errors="0">
  <testcase name="register" time="44.770" classname="com.training.sanity.tests.TestRegister005"/>
</testsuite> <!-- com.training.sanity.tests.TestRegister005 -->
