<?xml version="1.0" encoding="UTF-8"?>
<!-- Generated by org.testng.reporters.JUnitReportReporter -->
<testsuite hostname="DESKTOP-JMGLJT2" name="com.training.sanity.tests.TestForgetPassword004" tests="1" failures="0" timestamp="13 Nov 2019 17:40:22 GMT" time="29.469" errors="0">
  <testcase name="resetPassword" time="29.469" classname="com.training.sanity.tests.TestForgetPassword004"/>
</testsuite> <!-- com.training.sanity.tests.TestForgetPassword004 -->
