<?xml version="1.0" encoding="UTF-8"?>
<!-- Generated by org.testng.reporters.JUnitReportReporter -->
<testsuite hostname="DESKTOP-JMGLJT2" name="com.training.sanity.tests.Test004" tests="1" failures="0" timestamp="13 Nov 2019 14:58:07 GMT" time="35.693" errors="0">
  <testcase name="validLoginTest" time="35.693" classname="com.training.sanity.tests.Test004"/>
</testsuite> <!-- com.training.sanity.tests.Test004 -->
