<?xml version="1.0" encoding="UTF-8"?>
<!-- Generated by org.testng.reporters.JUnitReportReporter -->
<testsuite hostname="DESKTOP-JMGLJT2" name="com.training.sanity.tests.Test006" tests="1" failures="0" timestamp="13 Nov 2019 17:22:21 GMT" time="26.110" errors="0">
  <testcase name="login" time="26.110" classname="com.training.sanity.tests.Test006"/>
</testsuite> <!-- com.training.sanity.tests.Test006 -->
