<?xml version="1.0" encoding="UTF-8"?>
<!-- Generated by org.testng.reporters.JUnitReportReporter -->
<testsuite hostname="DESKTOP-JMGLJT2" name="com.training.sanity.tests.TestLogin006" tests="1" failures="0" timestamp="14 Nov 2019 05:28:42 GMT" time="39.042" errors="0">
  <testcase name="login" time="39.042" classname="com.training.sanity.tests.TestLogin006"/>
</testsuite> <!-- com.training.sanity.tests.TestLogin006 -->
